[19:41:58] [main/WARN] (FabricLoader/Knot) Class path entries reference missing files: C:\Users\Skrra\Documents\Java mods\Reskin\build\resources\client - the game may not load properly!
[19:41:58] [main/INFO] (FabricLoader/GameProvider) Loading Minecraft 1.21.11 with Fabric Loader 0.18.4
[19:41:58] [main/INFO] (FabricLoader) Loading 52 mods:
	- blockreskinner 0.1.0
	- fabric-api 0.141.4+1.21.11
	- fabric-api-base 1.0.5+4ebb5c083e
	- fabric-api-lookup-api-v1 1.6.114+20dc27073e
	- fabric-biome-api-v1 17.1.1+4fc5413f3e
	- fabric-block-api-v1 1.1.10+4ebb5c083e
	- fabric-block-view-api-v2 1.0.39+4ebb5c083e
	- fabric-client-gametest-api-v1 4.3.5+bfe9fcf43e
	- fabric-command-api-v2 2.4.7+6b42a6003e
	- fabric-content-registries-v0 10.2.14+4fc5413f3e
	- fabric-convention-tags-v1 2.1.55+7f945d5b3e
	- fabric-convention-tags-v2 2.17.3+8ef948ba3e
	- fabric-crash-report-info-v1 0.3.23+4ebb5c083e
	- fabric-data-attachment-api-v1 1.8.48+eed0806f3e
	- fabric-data-generation-api-v1 23.4.1+69974c4e3e
	- fabric-dimensions-v1 4.0.28+4fc5413f3e
	- fabric-entity-events-v1 3.1.1+1d0ab4303e
	- fabric-events-interaction-v0 4.1.1+3b89ecf63e
	- fabric-game-rule-api-v1 2.0.3+4fc5413f3e
	- fabric-gametest-api-v1 3.1.27+4fc5413f3e
	- fabric-item-api-v1 11.5.20+d0c46b9e3e
	- fabric-item-group-api-v1 4.2.36+4fc5413f3e
	- fabric-key-binding-api-v1 1.1.7+4fc5413f3e
	- fabric-lifecycle-events-v1 2.6.15+4ebb5c083e
	- fabric-loot-api-v2 3.0.73+3f89f5a53e
	- fabric-loot-api-v3 2.0.20+78c8b4663e
	- fabric-message-api-v1 6.1.12+4ebb5c083e
	- fabric-model-loading-api-v1 6.0.15+4fc5413f3e
	- fabric-networking-api-v1 5.1.6+6b6d71a53e
	- fabric-object-builder-api-v1 21.1.40+4fc5413f3e
	- fabric-particles-v1 4.2.12+4fc5413f3e
	- fabric-recipe-api-v1 8.2.4+4ebb5c083e
	- fabric-registry-sync-v0 6.2.6+1718722b3e
	- fabric-renderer-api-v1 8.0.3+f4ffd2e53e
	- fabric-renderer-indigo 5.0.3+f4ffd2e53e
	- fabric-rendering-fluids-v1 3.1.43+4ebb5c083e
	- fabric-rendering-v1 16.2.10+0290ad933e
	- fabric-resource-conditions-api-v1 5.0.35+4fc5413f3e
	- fabric-resource-loader-v0 3.3.4+4fc5413f3e
	- fabric-resource-loader-v1 1.0.10+78c8b4663e
	- fabric-screen-api-v1 3.1.7+4ebb5c083e
	- fabric-screen-handler-api-v1 1.3.162+4fc5413f3e
	- fabric-serialization-api-v1 1.0.5+4ebb5c083e
	- fabric-sound-api-v1 1.0.51+4fc5413f3e
	- fabric-tag-api-v1 1.2.20+4fc5413f3e
	- fabric-transfer-api-v1 6.0.25+4fc5413f3e
	- fabric-transitive-access-wideners-v1 7.1.0+014c8cec3e
	- fabricloader 0.18.4
	- jade 21.1.6+fabric
	- java 21
	- minecraft 1.21.11
	- mixinextras 0.5.0
[19:42:00] [main/WARN] (FabricLoader/ModRemap) Cannot remap this$0 because it does not exists in any of the targets [net/minecraft/class_327$class_5232] or their parents.
[19:42:02] [main/INFO] (FabricLoader/Mixin) SpongePowered MIXIN Subsystem Version=0.8.7 Source=file:/C:/Users/Skrra/.gradle/caches/modules-2/files-2.1/net.fabricmc/sponge-mixin/0.17.0+mixin.0.8.7/cf31463202f72d03b0ef1e1e38e8ee71b7faaab6/sponge-mixin-0.17.0+mixin.0.8.7.jar Service=Knot/Fabric Env=CLIENT
[19:42:02] [main/INFO] (FabricLoader/Mixin) Loaded Fabric development mappings for mixin remapper!
[19:42:02] [main/INFO] (FabricLoader/Mixin) Compatibility level set to JAVA_21
[19:42:04] [main/INFO] (FabricLoader/MixinExtras|Service) Initializing MixinExtras via com.llamalad7.mixinextras.service.MixinExtrasServiceImpl(version=0.5.0).
[19:42:06] [Datafixer Bootstrap/INFO] (Minecraft) 287 Datafixer optimizations took 669 milliseconds
[19:42:14] [Render thread/INFO] (Minecraft) Environment: Environment[sessionHost=https://sessionserver.mojang.com, servicesHost=https://api.minecraftservices.com, profilesHost=https://api.mojang.com, name=PROD]
[19:42:14] [Render thread/INFO] (Minecraft) Setting user: Player18
[19:42:15] [Render thread/INFO] (Indigo) [Indigo] Registering Indigo renderer!
[19:42:15] [Download-2/ERROR] (Minecraft) Failed to fetch user properties
com.mojang.authlib.exceptions.InvalidCredentialsException: Status: 401
	at knot//com.mojang.authlib.exceptions.MinecraftClientHttpException.toAuthenticationException(MinecraftClientHttpException.java:59)
	at knot//com.mojang.authlib.yggdrasil.YggdrasilUserApiService.fetchProperties(YggdrasilUserApiService.java:150)
	at knot//net.minecraft.client.MinecraftClient.method_55608(MinecraftClient.java:519)
	at java.base/java.util.concurrent.CompletableFuture$AsyncSupply.run(CompletableFuture.java:1768)
	at java.base/java.util.concurrent.ThreadPoolExecutor.runWorker(ThreadPoolExecutor.java:1144)
	at java.base/java.util.concurrent.ThreadPoolExecutor$Worker.run(ThreadPoolExecutor.java:642)
	at java.base/java.lang.Thread.run(Thread.java:1583)
Caused by: com.mojang.authlib.exceptions.MinecraftClientHttpException: Status: 401
	at knot//com.mojang.authlib.minecraft.client.MinecraftClient.readInputStream(MinecraftClient.java:103)
	at knot//com.mojang.authlib.minecraft.client.MinecraftClient.get(MinecraftClient.java:56)
	at knot//com.mojang.authlib.yggdrasil.YggdrasilUserApiService.fetchProperties(YggdrasilUserApiService.java:121)
	... 5 more
[19:42:15] [Render thread/INFO] (Minecraft) Backend library: LWJGL version 3.3.3-snapshot
[19:42:16] [Render thread/INFO] (Minecraft) Using optional rendering extensions: GL_ARB_buffer_storage, GL_KHR_debug, GL_ARB_vertex_attrib_binding, GL_ARB_direct_state_access, GL_EXT_texture_filter_anisotropic
[19:42:17] [Download-2/INFO] (Minecraft) Could not authorize you against Realms server: java.lang.RuntimeException: Failed to parse into SignedJWT: FabricMC
[19:42:17] [Download-2/ERROR] (Minecraft) Failed to fetch Realms feature flags
net.minecraft.client.realms.exception.RealmsServiceException: Realms authentication error with message 'java.lang.RuntimeException: Failed to parse into SignedJWT: FabricMC'
	at knot//net.minecraft.client.realms.RealmsClient.execute(RealmsClient.java:508)
	at knot//net.minecraft.client.realms.RealmsClient.fetchFeatureFlags(RealmsClient.java:159)
	at java.base/java.util.concurrent.CompletableFuture$AsyncSupply.run(CompletableFuture.java:1768)
	at java.base/java.util.concurrent.ThreadPoolExecutor.runWorker(ThreadPoolExecutor.java:1144)
	at java.base/java.util.concurrent.ThreadPoolExecutor$Worker.run(ThreadPoolExecutor.java:642)
	at java.base/java.lang.Thread.run(Thread.java:1583)
[19:42:17] [Render thread/INFO] (Minecraft) Reloading ResourceManager: vanilla, blockreskinner, fabric-api, fabric-api-base, fabric-api-lookup-api-v1, fabric-biome-api-v1, fabric-block-api-v1, fabric-block-view-api-v2, fabric-client-gametest-api-v1, fabric-command-api-v2, fabric-content-registries-v0, fabric-convention-tags-v1, fabric-convention-tags-v2, fabric-crash-report-info-v1, fabric-data-attachment-api-v1, fabric-data-generation-api-v1, fabric-dimensions-v1, fabric-entity-events-v1, fabric-events-interaction-v0, fabric-game-rule-api-v1, fabric-gametest-api-v1, fabric-item-api-v1, fabric-item-group-api-v1, fabric-key-binding-api-v1, fabric-lifecycle-events-v1, fabric-loot-api-v2, fabric-loot-api-v3, fabric-message-api-v1, fabric-model-loading-api-v1, fabric-networking-api-v1, fabric-object-builder-api-v1, fabric-particles-v1, fabric-recipe-api-v1, fabric-registry-sync-v0, fabric-renderer-api-v1, fabric-renderer-indigo, fabric-rendering-fluids-v1, fabric-rendering-v1, fabric-resource-conditions-api-v1, fabric-resource-loader-v0, fabric-resource-loader-v1, fabric-screen-api-v1, fabric-screen-handler-api-v1, fabric-serialization-api-v1, fabric-sound-api-v1, fabric-tag-api-v1, fabric-transfer-api-v1, fabric-transitive-access-wideners-v1, fabricloader, jade
[19:42:17] [Worker-Main-2/INFO] (Minecraft) Found unifont_pua-17.0.01.hex, loading
[19:42:17] [Worker-Main-4/INFO] (Minecraft) Found unifont_all_no_pua-17.0.01.hex, loading
[19:42:17] [Render thread/INFO] (Jade) Start loading plugin from Block Reskinner: com.skrra.blockreskinner.compat.jade.BlockReskinnerJadePlugin
[19:42:17] [Render thread/INFO] (Jade) com.skrra.blockreskinner.compat.jade.BlockReskinnerJadePlugin loaded: 5.167 ms
[19:42:17] [Render thread/INFO] (Jade) Start loading plugin from Jade: snownee.jade.addon.core.CorePlugin
[19:42:17] [Render thread/INFO] (Jade) snownee.jade.addon.core.CorePlugin loaded: 66.71 ms
[19:42:17] [Render thread/INFO] (Jade) Start loading plugin from Jade: snownee.jade.addon.vanilla.VanillaPlugin
[19:42:17] [Worker-Main-12/INFO] (Minecraft) Found unifont_jp_patch-17.0.01.hex, loading
[19:42:17] [Render thread/INFO] (Jade) snownee.jade.addon.vanilla.VanillaPlugin loaded: 269.3 ms
[19:42:17] [Render thread/INFO] (Jade) Start loading plugin from Jade: snownee.jade.addon.universal.UniversalPlugin
[19:42:18] [Render thread/INFO] (Jade) snownee.jade.addon.universal.UniversalPlugin loaded: 83.74 ms
[19:42:18] [Render thread/INFO] (Jade) Start loading plugin from Jade: snownee.jade.addon.access.AccessibilityPlugin
[19:42:18] [Render thread/INFO] (Jade) snownee.jade.addon.access.AccessibilityPlugin loaded: 29.57 ms
[19:42:18] [Render thread/INFO] (Jade) Start loading plugin from Jade: snownee.jade.addon.debug.DebugPlugin
[19:42:18] [Render thread/INFO] (Jade) snownee.jade.addon.debug.DebugPlugin loaded: 9.946 ms
[19:42:19] [Render thread/INFO] (Minecraft) OpenAL initialized on device OpenAL Soft on Speakers (High Definition Audio Device)
[19:42:19] [Render thread/INFO] (Minecraft) Sound engine started
[19:42:19] [Render thread/INFO] (Minecraft) Created: 512x256x0 minecraft:textures/atlas/particles.png-atlas
[19:42:19] [Render thread/INFO] (Minecraft) Created: 128x128x0 minecraft:textures/atlas/decorated_pot.png-atlas
[19:42:19] [Render thread/INFO] (Minecraft) Created: 2048x1024x0 minecraft:textures/atlas/armor_trims.png-atlas
[19:42:19] [Render thread/INFO] (Minecraft) Created: 512x256x0 minecraft:textures/atlas/paintings.png-atlas
[19:42:19] [Render thread/INFO] (Minecraft) Created: 1024x512x0 minecraft:textures/atlas/shield_patterns.png-atlas
[19:42:19] [Render thread/INFO] (Minecraft) Created: 2048x2048x4 minecraft:textures/atlas/blocks.png-atlas
[19:42:19] [Render thread/INFO] (Minecraft) Created: 512x512x0 minecraft:textures/atlas/chest.png-atlas
[19:42:19] [Render thread/INFO] (Minecraft) Created: 256x128x0 minecraft:textures/atlas/celestials.png-atlas
[19:42:19] [Render thread/INFO] (Minecraft) Created: 1024x512x0 minecraft:textures/atlas/banner_patterns.png-atlas
[19:42:19] [Render thread/INFO] (Minecraft) Created: 512x512x0 minecraft:textures/atlas/beds.png-atlas
[19:42:19] [Render thread/INFO] (Minecraft) Created: 1024x512x0 minecraft:textures/atlas/items.png-atlas
[19:42:19] [Render thread/INFO] (Minecraft) Created: 1024x1024x0 minecraft:textures/atlas/gui.png-atlas
[19:42:19] [Render thread/INFO] (Minecraft) Created: 128x64x0 minecraft:textures/atlas/map_decorations.png-atlas
[19:42:19] [Render thread/INFO] (Minecraft) Created: 512x256x0 minecraft:textures/atlas/signs.png-atlas
[19:42:19] [Render thread/INFO] (Minecraft) Created: 512x512x0 minecraft:textures/atlas/shulker_boxes.png-atlas
[19:42:20] [IO-Worker-1/INFO] (Minecraft) Could not authorize you against Realms server: java.lang.RuntimeException: Failed to parse into SignedJWT: FabricMC
[19:42:20] [IO-Worker-1/ERROR] (Minecraft) Couldn't connect to realms
net.minecraft.client.realms.exception.RealmsServiceException: Realms authentication error with message 'java.lang.RuntimeException: Failed to parse into SignedJWT: FabricMC'
	at knot//net.minecraft.client.realms.RealmsClient.execute(RealmsClient.java:508)
	at knot//net.minecraft.client.realms.RealmsClient.clientCompatible(RealmsClient.java:281)
	at knot//net.minecraft.client.realms.RealmsAvailability.method_52627(RealmsAvailability.java:49)
	at java.base/java.util.concurrent.CompletableFuture$AsyncSupply.run(CompletableFuture.java:1768)
	at java.base/java.util.concurrent.ThreadPoolExecutor.runWorker(ThreadPoolExecutor.java:1144)
	at java.base/java.util.concurrent.ThreadPoolExecutor$Worker.run(ThreadPoolExecutor.java:642)
	at java.base/java.lang.Thread.run(Thread.java:1583)
[19:42:25] [Render thread/INFO] (Minecraft) Loaded 1470 recipes
[19:42:25] [Render thread/INFO] (Minecraft) Loaded 1584 advancements
[19:42:25] [Render thread/INFO] (BiomeModificationImpl) Applied 0 biome modifications to 0 of 65 new biomes in 1.210 ms
[19:42:25] [Server thread/INFO] (Minecraft) Starting integrated minecraft server version 1.21.11
[19:42:25] [Server thread/INFO] (Minecraft) Generating keypair
[19:42:25] [Server thread/INFO] (Minecraft) Loading 0 persistent chunks...
[19:42:26] [Server thread/INFO] (Minecraft) Loading 49 chunks for player spawn...
[19:42:26] [Server thread/INFO] (Minecraft) Preparing spawn area: 16%
[19:42:26] [Server thread/INFO] (Minecraft) Preparing spawn area: 16%
[19:42:26] [Server thread/INFO] (Minecraft) Preparing spawn area: 16%
[19:42:26] [Server thread/INFO] (Minecraft) Time elapsed: 1185 ms
[19:42:26] [Server thread/INFO] (Minecraft) Player18[local:E:a2bf7b63] logged in with entity id 2 at (18.962174145527737, -60.0, 12.206603554549213)
[19:42:26] [Server thread/INFO] (blockreskinner) Removed stale visual skin during initial sync: dimension=minecraft:overworld pos=15, -60, 13
[19:42:26] [Server thread/INFO] (blockreskinner) Removed stale visual skin during initial sync: dimension=minecraft:overworld pos=17, -60, 13
[19:42:27] [Server thread/INFO] (Minecraft) Player18 joined the game
[19:42:27] [Server thread/INFO] (Minecraft) Player18 has made the advancement [Ice Bucket Challenge]
[19:42:27] [Render thread/INFO] (Minecraft) [System] [CHAT] Player18 has made the advancement [Ice Bucket Challenge]
[19:42:27] [Server thread/INFO] (Minecraft) Changing view distance to 32, from 10
[19:42:27] [Server thread/INFO] (Minecraft) Changing simulation distance to 32, from 0
[19:42:27] [Render thread/INFO] (Minecraft) Resizing Dynamic Transforms UBO, capacity limit of 2 reached during a single frame. New capacity will be 4.
[19:42:27] [Render thread/INFO] (Minecraft) Loaded 16 advancements
[19:42:27] [Render thread/INFO] (Jade) Received config from the server: {}
[19:42:27] [Render thread/INFO] (Minecraft) Resizing Dynamic Transforms UBO, capacity limit of 4 reached during a single frame. New capacity will be 8.
[19:42:27] [Render thread/INFO] (Minecraft) Resizing Dynamic Transforms UBO, capacity limit of 8 reached during a single frame. New capacity will be 16.
[19:42:28] [Render thread/INFO] (Minecraft) Resizing Chunk Sections UBO, capacity limit of 2 reached during a single frame. New capacity will be 8.
[19:42:28] [Render thread/INFO] (Minecraft) Resizing Chunk Sections UBO, capacity limit of 8 reached during a single frame. New capacity will be 16.
[19:42:28] [Render thread/INFO] (Minecraft) Resizing Chunk Sections UBO, capacity limit of 16 reached during a single frame. New capacity will be 32.
[19:42:28] [Render thread/INFO] (Minecraft) Resizing Chunk Sections UBO, capacity limit of 32 reached during a single frame. New capacity will be 64.
[19:42:28] [Render thread/INFO] (Minecraft) Resizing Chunk Sections UBO, capacity limit of 64 reached during a single frame. New capacity will be 128.
[19:42:28] [Render thread/INFO] (Minecraft) Resizing Chunk Sections UBO, capacity limit of 128 reached during a single frame. New capacity will be 256.
[19:42:30] [Render thread/INFO] (Minecraft) Resizing Chunk Sections UBO, capacity limit of 256 reached during a single frame. New capacity will be 512.
[19:42:31] [Render thread/INFO] (Minecraft) Resizing Chunk Sections UBO, capacity limit of 512 reached during a single frame. New capacity will be 1024.
[19:42:33] [Render thread/INFO] (Minecraft) Resizing Chunk Sections UBO, capacity limit of 1024 reached during a single frame. New capacity will be 2048.
[19:43:08] [Server thread/INFO] (Minecraft) Saving and pausing game...
[19:43:08] [Server thread/INFO] (Minecraft) Saving chunks for level 'ServerLevel[New World]'/minecraft:overworld
[19:43:08] [Server thread/INFO] (Minecraft) Saving chunks for level 'ServerLevel[New World]'/minecraft:the_nether
[19:43:08] [Server thread/INFO] (Minecraft) Saving chunks for level 'ServerLevel[New World]'/minecraft:the_end
[19:43:20] [Server thread/INFO] (blockreskinner) Server applying simple skin: dimension=minecraft:overworld pos=12, -60, 13 real=Block{minecraft:obsidian} visual=Block{minecraft:blue_wool}
[19:43:20] [Render thread/INFO] (blockreskinner) Client received skin sync: dimension=minecraft:overworld pos=12, -60, 13 visual=Block{minecraft:blue_wool}
[19:43:20] [Worker-Main-15/INFO] (blockreskinner) Render override resolved: pos=12, -60, 13 real=Block{minecraft:obsidian} visual=Block{minecraft:blue_wool}
[19:43:34] [Render thread/INFO] (blockreskinner) Client received skin removal: dimension=minecraft:overworld pos=12, -60, 13
[19:50:11] [Server thread/INFO] (blockreskinner) Server applying simple skin: dimension=minecraft:overworld pos=15, -60, 13 real=Block{minecraft:stone} visual=Block{minecraft:acacia_leaves}[distance=7,persistent=true,waterlogged=false]
[19:50:11] [Render thread/INFO] (blockreskinner) Client received skin sync: dimension=minecraft:overworld pos=15, -60, 13 visual=Block{minecraft:acacia_leaves}[distance=7,persistent=true,waterlogged=false]
[19:50:11] [Worker-Main-3/INFO] (blockreskinner) Render override resolved: pos=15, -60, 13 real=Block{minecraft:stone} visual=Block{minecraft:acacia_leaves}[distance=7,persistent=true,waterlogged=false]
[19:52:33] [Render thread/INFO] (Minecraft) [System] [CHAT] [Debug]: Pause on lost focus: disabled
[19:53:38] [Server thread/INFO] (blockreskinner) Server applying connected skin: dimension=minecraft:overworld pos=16, -60, 13 real=Block{minecraft:oak_fence}[east=false,north=false,south=false,waterlogged=false,west=true] visual=Block{minecraft:acacia_fence}[east=false,north=false,south=false,waterlogged=false,west=false] north=AUTO east=AUTO south=AUTO west=FORCE_OFF
[19:53:38] [Render thread/INFO] (blockreskinner) Client received skin sync: dimension=minecraft:overworld pos=16, -60, 13 visual=Block{minecraft:acacia_fence}[east=false,north=false,south=false,waterlogged=false,west=false]
[19:53:38] [Worker-Main-11/INFO] (blockreskinner) Render override resolved: pos=16, -60, 13 real=Block{minecraft:oak_fence}[east=false,north=false,south=false,waterlogged=false,west=true] visual=Block{minecraft:acacia_fence}[east=false,north=false,south=false,waterlogged=false,west=false]
[19:54:23] [Server thread/INFO] (Minecraft) [Player18: Changed the block at 14, -59, 15]
[19:54:23] [Render thread/INFO] (Minecraft) [System] [CHAT] Changed the block at 14, -59, 15
[19:54:25] [Server thread/INFO] (Minecraft) [Player18: Teleported Player18 to 14.500000, -60.000000, 10.500000]
[19:54:25] [Render thread/INFO] (Minecraft) [System] [CHAT] Teleported Player18 to 14.500000, -60.000000, 10.500000
[19:55:01] [Server thread/INFO] (blockreskinner) Server applying simple skin: dimension=minecraft:overworld pos=14, -59, 15 real=Block{minecraft:obsidian} visual=Block{minecraft:dark_oak_planks}
[19:55:01] [Render thread/INFO] (blockreskinner) Client received skin sync: dimension=minecraft:overworld pos=14, -59, 15 visual=Block{minecraft:dark_oak_planks}
[19:55:01] [Worker-Main-6/INFO] (blockreskinner) Render override resolved: pos=14, -59, 15 real=Block{minecraft:obsidian} visual=Block{minecraft:dark_oak_planks}
[19:55:03] [Server thread/INFO] (Minecraft) [Player18: Teleported Player18 to 14.500000, -60.000000, 10.500000]
[19:55:03] [Render thread/INFO] (Minecraft) [System] [CHAT] Teleported Player18 to 14.500000, -60.000000, 10.500000
[19:56:13] [Server thread/INFO] (blockreskinner) Server applying simple skin: dimension=minecraft:overworld pos=14, -59, 15 real=Block{minecraft:obsidian} visual=Block{minecraft:dark_oak_leaves}[distance=7,persistent=true,waterlogged=false]
[19:56:13] [Render thread/INFO] (blockreskinner) Client received skin sync: dimension=minecraft:overworld pos=14, -59, 15 visual=Block{minecraft:dark_oak_leaves}[distance=7,persistent=true,waterlogged=false]
[19:56:15] [Server thread/INFO] (Minecraft) [Player18: Teleported Player18 to 14.500000, -60.000000, 10.500000]
[19:56:15] [Render thread/INFO] (Minecraft) [System] [CHAT] Teleported Player18 to 14.500000, -60.000000, 10.500000
[19:58:04] [Server thread/INFO] (blockreskinner) Server applying simple skin: dimension=minecraft:overworld pos=14, -59, 15 real=Block{minecraft:obsidian} visual=Block{minecraft:glass}
[19:58:04] [Render thread/INFO] (blockreskinner) Client received skin sync: dimension=minecraft:overworld pos=14, -59, 15 visual=Block{minecraft:glass}
[19:58:06] [Server thread/INFO] (Minecraft) [Player18: Teleported Player18 to 14.500000, -60.000000, 10.500000]
[19:58:06] [Render thread/INFO] (Minecraft) [System] [CHAT] Teleported Player18 to 14.500000, -60.000000, 10.500000
[19:59:39] [Server thread/INFO] (blockreskinner) Server applying simple skin: dimension=minecraft:overworld pos=14, -59, 15 real=Block{minecraft:obsidian} visual=Block{minecraft:exposed_copper_grate}[waterlogged=false]
[19:59:39] [Render thread/INFO] (blockreskinner) Client received skin sync: dimension=minecraft:overworld pos=14, -59, 15 visual=Block{minecraft:exposed_copper_grate}[waterlogged=false]
[19:59:41] [Server thread/INFO] (Minecraft) [Player18: Teleported Player18 to 14.500000, -60.000000, 10.500000]
[19:59:41] [Render thread/INFO] (Minecraft) [System] [CHAT] Teleported Player18 to 14.500000, -60.000000, 10.500000
